2024-11-30 09:09:19,164 [Worker-6: Loading available Gradle versions] INFO  o.e.b.c.i.u.g.PublishedGradleVersions - Gradle version information cache is not available. Remote download required.
2024-11-30 09:12:25,931 [ModalContext] INFO  o.e.m.c.i.e.AbstractTransferListenerAdapter - Downloading https://repo.maven.apache.org/maven2/org/apache/maven/archetypes/maven-archetype-quickstart/1.1/maven-archetype-quickstart-1.1.pom
2024-11-30 09:12:26,060 [ModalContext] INFO  o.e.m.c.i.e.AbstractTransferListenerAdapter - Downloaded https://repo.maven.apache.org/maven2/org/apache/maven/archetypes/maven-archetype-quickstart/1.1/maven-archetype-quickstart-1.1.pom
2024-11-30 09:12:26,219 [ModalContext] INFO  o.e.m.c.i.e.AbstractTransferListenerAdapter - Downloading https://repo.maven.apache.org/maven2/org/apache/maven/archetypes/maven-archetype-bundles/4/maven-archetype-bundles-4.pom
2024-11-30 09:12:26,325 [ModalContext] INFO  o.e.m.c.i.e.AbstractTransferListenerAdapter - Downloaded https://repo.maven.apache.org/maven2/org/apache/maven/archetypes/maven-archetype-bundles/4/maven-archetype-bundles-4.pom
2024-11-30 09:12:26,422 [ModalContext] INFO  o.e.m.c.i.e.AbstractTransferListenerAdapter - Downloading https://repo.maven.apache.org/maven2/org/apache/maven/archetype/maven-archetype/2.0-alpha-5/maven-archetype-2.0-alpha-5.pom
2024-11-30 09:12:26,547 [ModalContext] INFO  o.e.m.c.i.e.AbstractTransferListenerAdapter - Downloaded https://repo.maven.apache.org/maven2/org/apache/maven/archetype/maven-archetype/2.0-alpha-5/maven-archetype-2.0-alpha-5.pom
2024-11-30 09:12:26,928 [ModalContext] INFO  o.e.m.c.i.e.AbstractTransferListenerAdapter - Downloading https://repo.maven.apache.org/maven2/org/apache/maven/archetypes/maven-archetype-quickstart/1.1/maven-archetype-quickstart-1.1.jar
2024-11-30 09:12:27,137 [ModalContext] INFO  o.e.m.c.i.e.AbstractTransferListenerAdapter - Downloaded https://repo.maven.apache.org/maven2/org/apache/maven/archetypes/maven-archetype-quickstart/1.1/maven-archetype-quickstart-1.1.jar
2024-11-30 09:13:16,438 [Worker-3: Launching mavenrun-9ec17506-6dc9-4025-bc0b-d104c5a67c8b] INFO  o.eclipse.m2e.core.internal.Bundles - getClasspathEntries(Bundle=org.eclipse.m2e.maven.runtime_3.9.900.20240824-1409 [360])
2024-11-30 09:13:16,442 [Worker-3: Launching mavenrun-9ec17506-6dc9-4025-bc0b-d104c5a67c8b] INFO  o.eclipse.m2e.core.internal.Bundles - 	Entry: C:\Users\Asus\Downloads\sts-4.26.0.RELEASE\plugins\org.eclipse.m2e.maven.runtime_3.9.900.20240824-1409
2024-11-30 09:13:16,442 [Worker-3: Launching mavenrun-9ec17506-6dc9-4025-bc0b-d104c5a67c8b] INFO  o.eclipse.m2e.core.internal.Bundles - 	Entry: C:\Users\Asus\Downloads\sts-4.26.0.RELEASE\plugins\org.eclipse.m2e.maven.runtime_3.9.900.20240824-1409\jars\aopalliance-1.0.jar
2024-11-30 09:13:16,443 [Worker-3: Launching mavenrun-9ec17506-6dc9-4025-bc0b-d104c5a67c8b] INFO  o.eclipse.m2e.core.internal.Bundles - 	Entry: C:\Users\Asus\Downloads\sts-4.26.0.RELEASE\plugins\org.eclipse.m2e.maven.runtime_3.9.900.20240824-1409\jars\guice-5.1.0.jar
2024-11-30 09:13:16,444 [Worker-3: Launching mavenrun-9ec17506-6dc9-4025-bc0b-d104c5a67c8b] INFO  o.eclipse.m2e.core.internal.Bundles - 	Entry: C:\Users\Asus\Downloads\sts-4.26.0.RELEASE\plugins\org.eclipse.m2e.maven.runtime_3.9.900.20240824-1409\jars\httpclient-4.5.14.jar
2024-11-30 09:13:16,444 [Worker-3: Launching mavenrun-9ec17506-6dc9-4025-bc0b-d104c5a67c8b] INFO  o.eclipse.m2e.core.internal.Bundles - 	Entry: C:\Users\Asus\Downloads\sts-4.26.0.RELEASE\plugins\org.eclipse.m2e.maven.runtime_3.9.900.20240824-1409\jars\httpcore-4.4.16.jar
2024-11-30 09:13:16,445 [Worker-3: Launching mavenrun-9ec17506-6dc9-4025-bc0b-d104c5a67c8b] INFO  o.eclipse.m2e.core.internal.Bundles - 	Entry: C:\Users\Asus\Downloads\sts-4.26.0.RELEASE\plugins\org.eclipse.m2e.maven.runtime_3.9.900.20240824-1409\jars\jansi-2.4.1.jar
2024-11-30 09:13:16,446 [Worker-3: Launching mavenrun-9ec17506-6dc9-4025-bc0b-d104c5a67c8b] INFO  o.eclipse.m2e.core.internal.Bundles - 	Entry: C:\Users\Asus\Downloads\sts-4.26.0.RELEASE\plugins\org.eclipse.m2e.maven.runtime_3.9.900.20240824-1409\jars\jcl-over-slf4j-1.7.36.jar
2024-11-30 09:13:16,446 [Worker-3: Launching mavenrun-9ec17506-6dc9-4025-bc0b-d104c5a67c8b] INFO  o.eclipse.m2e.core.internal.Bundles - 	Entry: C:\Users\Asus\Downloads\sts-4.26.0.RELEASE\plugins\org.eclipse.m2e.maven.runtime_3.9.900.20240824-1409\jars\maven-artifact-3.9.9.jar
2024-11-30 09:13:16,447 [Worker-3: Launching mavenrun-9ec17506-6dc9-4025-bc0b-d104c5a67c8b] INFO  o.eclipse.m2e.core.internal.Bundles - 	Entry: C:\Users\Asus\Downloads\sts-4.26.0.RELEASE\plugins\org.eclipse.m2e.maven.runtime_3.9.900.20240824-1409\jars\maven-builder-support-3.9.9.jar
2024-11-30 09:13:16,448 [Worker-3: Launching mavenrun-9ec17506-6dc9-4025-bc0b-d104c5a67c8b] INFO  o.eclipse.m2e.core.internal.Bundles - 	Entry: C:\Users\Asus\Downloads\sts-4.26.0.RELEASE\plugins\org.eclipse.m2e.maven.runtime_3.9.900.20240824-1409\jars\maven-compat-3.9.9.jar
2024-11-30 09:13:16,448 [Worker-3: Launching mavenrun-9ec17506-6dc9-4025-bc0b-d104c5a67c8b] INFO  o.eclipse.m2e.core.internal.Bundles - 	Entry: C:\Users\Asus\Downloads\sts-4.26.0.RELEASE\plugins\org.eclipse.m2e.maven.runtime_3.9.900.20240824-1409\jars\maven-core-3.9.9.jar
2024-11-30 09:13:16,449 [Worker-3: Launching mavenrun-9ec17506-6dc9-4025-bc0b-d104c5a67c8b] INFO  o.eclipse.m2e.core.internal.Bundles - 	Entry: C:\Users\Asus\Downloads\sts-4.26.0.RELEASE\plugins\org.eclipse.m2e.maven.runtime_3.9.900.20240824-1409\jars\maven-embedder-3.9.9.jar
2024-11-30 09:13:16,450 [Worker-3: Launching mavenrun-9ec17506-6dc9-4025-bc0b-d104c5a67c8b] INFO  o.eclipse.m2e.core.internal.Bundles - 	Entry: C:\Users\Asus\Downloads\sts-4.26.0.RELEASE\plugins\org.eclipse.m2e.maven.runtime_3.9.900.20240824-1409\jars\maven-model-3.9.9.jar
2024-11-30 09:13:16,450 [Worker-3: Launching mavenrun-9ec17506-6dc9-4025-bc0b-d104c5a67c8b] INFO  o.eclipse.m2e.core.internal.Bundles - 	Entry: C:\Users\Asus\Downloads\sts-4.26.0.RELEASE\plugins\org.eclipse.m2e.maven.runtime_3.9.900.20240824-1409\jars\maven-model-builder-3.9.9.jar
2024-11-30 09:13:16,451 [Worker-3: Launching mavenrun-9ec17506-6dc9-4025-bc0b-d104c5a67c8b] INFO  o.eclipse.m2e.core.internal.Bundles - 	Entry: C:\Users\Asus\Downloads\sts-4.26.0.RELEASE\plugins\org.eclipse.m2e.maven.runtime_3.9.900.20240824-1409\jars\maven-plugin-api-3.9.9.jar
2024-11-30 09:13:16,451 [Worker-3: Launching mavenrun-9ec17506-6dc9-4025-bc0b-d104c5a67c8b] INFO  o.eclipse.m2e.core.internal.Bundles - 	Entry: C:\Users\Asus\Downloads\sts-4.26.0.RELEASE\plugins\org.eclipse.m2e.maven.runtime_3.9.900.20240824-1409\jars\maven-repository-metadata-3.9.9.jar
2024-11-30 09:13:16,452 [Worker-3: Launching mavenrun-9ec17506-6dc9-4025-bc0b-d104c5a67c8b] INFO  o.eclipse.m2e.core.internal.Bundles - 	Entry: C:\Users\Asus\Downloads\sts-4.26.0.RELEASE\plugins\org.eclipse.m2e.maven.runtime_3.9.900.20240824-1409\jars\maven-resolver-api-1.9.22.jar
2024-11-30 09:13:16,452 [Worker-3: Launching mavenrun-9ec17506-6dc9-4025-bc0b-d104c5a67c8b] INFO  o.eclipse.m2e.core.internal.Bundles - 	Entry: C:\Users\Asus\Downloads\sts-4.26.0.RELEASE\plugins\org.eclipse.m2e.maven.runtime_3.9.900.20240824-1409\jars\maven-resolver-connector-basic-1.9.22.jar
2024-11-30 09:13:16,453 [Worker-3: Launching mavenrun-9ec17506-6dc9-4025-bc0b-d104c5a67c8b] INFO  o.eclipse.m2e.core.internal.Bundles - 	Entry: C:\Users\Asus\Downloads\sts-4.26.0.RELEASE\plugins\org.eclipse.m2e.maven.runtime_3.9.900.20240824-1409\jars\maven-resolver-impl-1.9.22.jar
2024-11-30 09:13:16,454 [Worker-3: Launching mavenrun-9ec17506-6dc9-4025-bc0b-d104c5a67c8b] INFO  o.eclipse.m2e.core.internal.Bundles - 	Entry: C:\Users\Asus\Downloads\sts-4.26.0.RELEASE\plugins\org.eclipse.m2e.maven.runtime_3.9.900.20240824-1409\jars\maven-resolver-named-locks-1.9.22.jar
2024-11-30 09:13:16,454 [Worker-3: Launching mavenrun-9ec17506-6dc9-4025-bc0b-d104c5a67c8b] INFO  o.eclipse.m2e.core.internal.Bundles - 	Entry: C:\Users\Asus\Downloads\sts-4.26.0.RELEASE\plugins\org.eclipse.m2e.maven.runtime_3.9.900.20240824-1409\jars\maven-resolver-provider-3.9.9.jar
2024-11-30 09:13:16,456 [Worker-3: Launching mavenrun-9ec17506-6dc9-4025-bc0b-d104c5a67c8b] INFO  o.eclipse.m2e.core.internal.Bundles - 	Entry: C:\Users\Asus\Downloads\sts-4.26.0.RELEASE\plugins\org.eclipse.m2e.maven.runtime_3.9.900.20240824-1409\jars\maven-resolver-spi-1.9.22.jar
2024-11-30 09:13:16,456 [Worker-3: Launching mavenrun-9ec17506-6dc9-4025-bc0b-d104c5a67c8b] INFO  o.eclipse.m2e.core.internal.Bundles - 	Entry: C:\Users\Asus\Downloads\sts-4.26.0.RELEASE\plugins\org.eclipse.m2e.maven.runtime_3.9.900.20240824-1409\jars\maven-resolver-transport-file-1.9.22.jar
2024-11-30 09:13:16,456 [Worker-3: Launching mavenrun-9ec17506-6dc9-4025-bc0b-d104c5a67c8b] INFO  o.eclipse.m2e.core.internal.Bundles - 	Entry: C:\Users\Asus\Downloads\sts-4.26.0.RELEASE\plugins\org.eclipse.m2e.maven.runtime_3.9.900.20240824-1409\jars\maven-resolver-transport-http-1.9.22.jar
2024-11-30 09:13:16,456 [Worker-3: Launching mavenrun-9ec17506-6dc9-4025-bc0b-d104c5a67c8b] INFO  o.eclipse.m2e.core.internal.Bundles - 	Entry: C:\Users\Asus\Downloads\sts-4.26.0.RELEASE\plugins\org.eclipse.m2e.maven.runtime_3.9.900.20240824-1409\jars\maven-resolver-transport-wagon-1.9.22.jar
2024-11-30 09:13:16,457 [Worker-3: Launching mavenrun-9ec17506-6dc9-4025-bc0b-d104c5a67c8b] INFO  o.eclipse.m2e.core.internal.Bundles - 	Entry: C:\Users\Asus\Downloads\sts-4.26.0.RELEASE\plugins\org.eclipse.m2e.maven.runtime_3.9.900.20240824-1409\jars\maven-resolver-util-1.9.22.jar
2024-11-30 09:13:16,457 [Worker-3: Launching mavenrun-9ec17506-6dc9-4025-bc0b-d104c5a67c8b] INFO  o.eclipse.m2e.core.internal.Bundles - 	Entry: C:\Users\Asus\Downloads\sts-4.26.0.RELEASE\plugins\org.eclipse.m2e.maven.runtime_3.9.900.20240824-1409\jars\maven-settings-3.9.9.jar
2024-11-30 09:13:16,458 [Worker-3: Launching mavenrun-9ec17506-6dc9-4025-bc0b-d104c5a67c8b] INFO  o.eclipse.m2e.core.internal.Bundles - 	Entry: C:\Users\Asus\Downloads\sts-4.26.0.RELEASE\plugins\org.eclipse.m2e.maven.runtime_3.9.900.20240824-1409\jars\maven-settings-builder-3.9.9.jar
2024-11-30 09:13:16,458 [Worker-3: Launching mavenrun-9ec17506-6dc9-4025-bc0b-d104c5a67c8b] INFO  o.eclipse.m2e.core.internal.Bundles - 	Entry: C:\Users\Asus\Downloads\sts-4.26.0.RELEASE\plugins\org.eclipse.m2e.maven.runtime_3.9.900.20240824-1409\jars\maven-shared-utils-3.4.2.jar
2024-11-30 09:13:16,459 [Worker-3: Launching mavenrun-9ec17506-6dc9-4025-bc0b-d104c5a67c8b] INFO  o.eclipse.m2e.core.internal.Bundles - 	Entry: C:\Users\Asus\Downloads\sts-4.26.0.RELEASE\plugins\org.eclipse.m2e.maven.runtime_3.9.900.20240824-1409\jars\org.eclipse.sisu.inject-0.9.0.M3.jar
2024-11-30 09:13:16,460 [Worker-3: Launching mavenrun-9ec17506-6dc9-4025-bc0b-d104c5a67c8b] INFO  o.eclipse.m2e.core.internal.Bundles - 	Entry: C:\Users\Asus\Downloads\sts-4.26.0.RELEASE\plugins\org.eclipse.m2e.maven.runtime_3.9.900.20240824-1409\jars\org.eclipse.sisu.plexus-0.9.0.M3.jar
2024-11-30 09:13:16,461 [Worker-3: Launching mavenrun-9ec17506-6dc9-4025-bc0b-d104c5a67c8b] INFO  o.eclipse.m2e.core.internal.Bundles - 	Entry: C:\Users\Asus\Downloads\sts-4.26.0.RELEASE\plugins\org.eclipse.m2e.maven.runtime_3.9.900.20240824-1409\jars\plexus-build-api-0.0.7.jar
2024-11-30 09:13:16,461 [Worker-3: Launching mavenrun-9ec17506-6dc9-4025-bc0b-d104c5a67c8b] INFO  o.eclipse.m2e.core.internal.Bundles - 	Entry: C:\Users\Asus\Downloads\sts-4.26.0.RELEASE\plugins\org.eclipse.m2e.maven.runtime_3.9.900.20240824-1409\jars\plexus-build-api-1.2.0.jar
2024-11-30 09:13:16,462 [Worker-3: Launching mavenrun-9ec17506-6dc9-4025-bc0b-d104c5a67c8b] INFO  o.eclipse.m2e.core.internal.Bundles - 	Entry: C:\Users\Asus\Downloads\sts-4.26.0.RELEASE\plugins\org.eclipse.m2e.maven.runtime_3.9.900.20240824-1409\jars\plexus-cipher-2.0.jar
2024-11-30 09:13:16,463 [Worker-3: Launching mavenrun-9ec17506-6dc9-4025-bc0b-d104c5a67c8b] INFO  o.eclipse.m2e.core.internal.Bundles - 	Entry: C:\Users\Asus\Downloads\sts-4.26.0.RELEASE\plugins\org.eclipse.m2e.maven.runtime_3.9.900.20240824-1409\jars\plexus-classworlds-2.8.0.jar
2024-11-30 09:13:16,465 [Worker-3: Launching mavenrun-9ec17506-6dc9-4025-bc0b-d104c5a67c8b] INFO  o.eclipse.m2e.core.internal.Bundles - 	Entry: C:\Users\Asus\Downloads\sts-4.26.0.RELEASE\plugins\org.eclipse.m2e.maven.runtime_3.9.900.20240824-1409\jars\plexus-component-annotations-2.1.0.jar
2024-11-30 09:13:16,467 [Worker-3: Launching mavenrun-9ec17506-6dc9-4025-bc0b-d104c5a67c8b] INFO  o.eclipse.m2e.core.internal.Bundles - 	Entry: C:\Users\Asus\Downloads\sts-4.26.0.RELEASE\plugins\org.eclipse.m2e.maven.runtime_3.9.900.20240824-1409\jars\plexus-interpolation-1.27.jar
2024-11-30 09:13:16,467 [Worker-3: Launching mavenrun-9ec17506-6dc9-4025-bc0b-d104c5a67c8b] INFO  o.eclipse.m2e.core.internal.Bundles - 	Entry: C:\Users\Asus\Downloads\sts-4.26.0.RELEASE\plugins\org.eclipse.m2e.maven.runtime_3.9.900.20240824-1409\jars\plexus-sec-dispatcher-2.0.jar
2024-11-30 09:13:16,468 [Worker-3: Launching mavenrun-9ec17506-6dc9-4025-bc0b-d104c5a67c8b] INFO  o.eclipse.m2e.core.internal.Bundles - 	Entry: C:\Users\Asus\Downloads\sts-4.26.0.RELEASE\plugins\org.eclipse.m2e.maven.runtime_3.9.900.20240824-1409\jars\plexus-utils-3.5.1.jar
2024-11-30 09:13:16,468 [Worker-3: Launching mavenrun-9ec17506-6dc9-4025-bc0b-d104c5a67c8b] INFO  o.eclipse.m2e.core.internal.Bundles - 	Entry: C:\Users\Asus\Downloads\sts-4.26.0.RELEASE\plugins\org.eclipse.m2e.maven.runtime_3.9.900.20240824-1409\jars\plexus-xml-3.0.1.jar
2024-11-30 09:13:16,469 [Worker-3: Launching mavenrun-9ec17506-6dc9-4025-bc0b-d104c5a67c8b] INFO  o.eclipse.m2e.core.internal.Bundles - 	Entry: C:\Users\Asus\Downloads\sts-4.26.0.RELEASE\plugins\org.eclipse.m2e.maven.runtime_3.9.900.20240824-1409\jars\wagon-file-3.5.3.jar
2024-11-30 09:13:16,469 [Worker-3: Launching mavenrun-9ec17506-6dc9-4025-bc0b-d104c5a67c8b] INFO  o.eclipse.m2e.core.internal.Bundles - 	Entry: C:\Users\Asus\Downloads\sts-4.26.0.RELEASE\plugins\org.eclipse.m2e.maven.runtime_3.9.900.20240824-1409\jars\wagon-http-3.5.3.jar
2024-11-30 09:13:16,469 [Worker-3: Launching mavenrun-9ec17506-6dc9-4025-bc0b-d104c5a67c8b] INFO  o.eclipse.m2e.core.internal.Bundles - 	Entry: C:\Users\Asus\Downloads\sts-4.26.0.RELEASE\plugins\org.eclipse.m2e.maven.runtime_3.9.900.20240824-1409\jars\wagon-http-shared-3.5.3.jar
2024-11-30 09:13:16,470 [Worker-3: Launching mavenrun-9ec17506-6dc9-4025-bc0b-d104c5a67c8b] INFO  o.eclipse.m2e.core.internal.Bundles - 	Entry: C:\Users\Asus\Downloads\sts-4.26.0.RELEASE\plugins\org.eclipse.m2e.maven.runtime_3.9.900.20240824-1409\jars\wagon-provider-api-3.5.3.jar
2024-11-30 09:13:16,473 [Worker-3: Launching mavenrun-9ec17506-6dc9-4025-bc0b-d104c5a67c8b] INFO  o.eclipse.m2e.core.internal.Bundles - getClasspathEntries(Bundle=com.google.guava_33.3.0.jre [29])
2024-11-30 09:13:16,474 [Worker-3: Launching mavenrun-9ec17506-6dc9-4025-bc0b-d104c5a67c8b] INFO  o.eclipse.m2e.core.internal.Bundles - 	Entry: C:\Users\Asus\Downloads\sts-4.26.0.RELEASE\plugins\com.google.guava_33.3.0.jre.jar
2024-11-30 09:13:16,474 [Worker-3: Launching mavenrun-9ec17506-6dc9-4025-bc0b-d104c5a67c8b] INFO  o.eclipse.m2e.core.internal.Bundles - getClasspathEntries(Bundle=slf4j.api_2.0.16 [593])
2024-11-30 09:13:16,475 [Worker-3: Launching mavenrun-9ec17506-6dc9-4025-bc0b-d104c5a67c8b] INFO  o.eclipse.m2e.core.internal.Bundles - 	Entry: C:\Users\Asus\Downloads\sts-4.26.0.RELEASE\plugins\slf4j.api_2.0.16.jar
2024-11-30 09:13:16,476 [Worker-3: Launching mavenrun-9ec17506-6dc9-4025-bc0b-d104c5a67c8b] INFO  o.eclipse.m2e.core.internal.Bundles - getClasspathEntries(Bundle=jakarta.inject.jakarta.inject-api_1.0.5 [45])
2024-11-30 09:13:16,477 [Worker-3: Launching mavenrun-9ec17506-6dc9-4025-bc0b-d104c5a67c8b] INFO  o.eclipse.m2e.core.internal.Bundles - 	Entry: C:\Users\Asus\Downloads\sts-4.26.0.RELEASE\plugins\jakarta.inject.jakarta.inject-api_1.0.5.jar
2024-11-30 09:13:16,477 [Worker-3: Launching mavenrun-9ec17506-6dc9-4025-bc0b-d104c5a67c8b] INFO  o.eclipse.m2e.core.internal.Bundles - getClasspathEntries(Bundle=jakarta.annotation-api_1.3.5 [41])
2024-11-30 09:13:16,478 [Worker-3: Launching mavenrun-9ec17506-6dc9-4025-bc0b-d104c5a67c8b] INFO  o.eclipse.m2e.core.internal.Bundles - 	Entry: C:\Users\Asus\Downloads\sts-4.26.0.RELEASE\plugins\jakarta.annotation-api_1.3.5.jar
2024-11-30 09:13:16,478 [Worker-3: Launching mavenrun-9ec17506-6dc9-4025-bc0b-d104c5a67c8b] INFO  o.eclipse.m2e.core.internal.Bundles - getClasspathEntries(Bundle=org.apache.commons.cli_1.9.0 [77])
2024-11-30 09:13:16,479 [Worker-3: Launching mavenrun-9ec17506-6dc9-4025-bc0b-d104c5a67c8b] INFO  o.eclipse.m2e.core.internal.Bundles - 	Entry: C:\Users\Asus\Downloads\sts-4.26.0.RELEASE\plugins\org.apache.commons.cli_1.9.0.jar
2024-11-30 09:13:16,479 [Worker-3: Launching mavenrun-9ec17506-6dc9-4025-bc0b-d104c5a67c8b] INFO  o.eclipse.m2e.core.internal.Bundles - getClasspathEntries(Bundle=org.apache.commons.commons-codec_1.16.0 [80])
2024-11-30 09:13:16,480 [Worker-3: Launching mavenrun-9ec17506-6dc9-4025-bc0b-d104c5a67c8b] INFO  o.eclipse.m2e.core.internal.Bundles - 	Entry: C:\Users\Asus\Downloads\sts-4.26.0.RELEASE\plugins\org.apache.commons.commons-codec_1.16.0.jar
2024-11-30 09:13:16,480 [Worker-3: Launching mavenrun-9ec17506-6dc9-4025-bc0b-d104c5a67c8b] INFO  o.eclipse.m2e.core.internal.Bundles - getClasspathEntries(Bundle=com.google.guava.failureaccess_1.0.2 [30])
2024-11-30 09:13:16,480 [Worker-3: Launching mavenrun-9ec17506-6dc9-4025-bc0b-d104c5a67c8b] INFO  o.eclipse.m2e.core.internal.Bundles - 	Entry: C:\Users\Asus\Downloads\sts-4.26.0.RELEASE\plugins\com.google.guava.failureaccess_1.0.2.jar
2024-11-30 09:13:16,502 [Worker-3: Launching mavenrun-9ec17506-6dc9-4025-bc0b-d104c5a67c8b] INFO  o.e.m.i.launch.MavenLaunchDelegate - Run build in "C:\Users\Asus\AppData\Local\Temp\m2e-archetypeGenerator250622829043172937":
2024-11-30 09:13:16,525 [Worker-3: Launching mavenrun-9ec17506-6dc9-4025-bc0b-d104c5a67c8b] INFO  o.e.m.i.launch.MavenLaunchDelegate -  mvn  -DarchetypeGroupId=org.apache.maven.archetypes -DarchetypeArtifactId=maven-archetype-quickstart -DarchetypeVersion=1.1 -DgroupId=com.lork.learningSpring -DartifactId=SpringLearning -Dversion=0.0.1-SNAPSHOT -Dpackage=com.lork.learningSpring.SpringLearning -DoutputDirectory="C:\Users\Asus\OneDrive\Desktop\IT online courses\Java\Something researhed\Spring framework" -Dstyle.color=always -U archetype:generate
2024-11-30 09:15:32,633 [Worker-14: Launching mavenrun-a1ab6d00-e8ab-428e-bbbf-a6c922fb0c0e] INFO  o.eclipse.m2e.core.internal.Bundles - getClasspathEntries(Bundle=org.eclipse.m2e.maven.runtime_3.9.900.20240824-1409 [360])
2024-11-30 09:15:32,636 [Worker-14: Launching mavenrun-a1ab6d00-e8ab-428e-bbbf-a6c922fb0c0e] INFO  o.eclipse.m2e.core.internal.Bundles - 	Entry: C:\Users\Asus\Downloads\sts-4.26.0.RELEASE\plugins\org.eclipse.m2e.maven.runtime_3.9.900.20240824-1409
2024-11-30 09:15:32,636 [Worker-14: Launching mavenrun-a1ab6d00-e8ab-428e-bbbf-a6c922fb0c0e] INFO  o.eclipse.m2e.core.internal.Bundles - 	Entry: C:\Users\Asus\Downloads\sts-4.26.0.RELEASE\plugins\org.eclipse.m2e.maven.runtime_3.9.900.20240824-1409\jars\aopalliance-1.0.jar
2024-11-30 09:15:32,637 [Worker-14: Launching mavenrun-a1ab6d00-e8ab-428e-bbbf-a6c922fb0c0e] INFO  o.eclipse.m2e.core.internal.Bundles - 	Entry: C:\Users\Asus\Downloads\sts-4.26.0.RELEASE\plugins\org.eclipse.m2e.maven.runtime_3.9.900.20240824-1409\jars\guice-5.1.0.jar
2024-11-30 09:15:32,637 [Worker-14: Launching mavenrun-a1ab6d00-e8ab-428e-bbbf-a6c922fb0c0e] INFO  o.eclipse.m2e.core.internal.Bundles - 	Entry: C:\Users\Asus\Downloads\sts-4.26.0.RELEASE\plugins\org.eclipse.m2e.maven.runtime_3.9.900.20240824-1409\jars\httpclient-4.5.14.jar
2024-11-30 09:15:32,638 [Worker-14: Launching mavenrun-a1ab6d00-e8ab-428e-bbbf-a6c922fb0c0e] INFO  o.eclipse.m2e.core.internal.Bundles - 	Entry: C:\Users\Asus\Downloads\sts-4.26.0.RELEASE\plugins\org.eclipse.m2e.maven.runtime_3.9.900.20240824-1409\jars\httpcore-4.4.16.jar
2024-11-30 09:15:32,638 [Worker-14: Launching mavenrun-a1ab6d00-e8ab-428e-bbbf-a6c922fb0c0e] INFO  o.eclipse.m2e.core.internal.Bundles - 	Entry: C:\Users\Asus\Downloads\sts-4.26.0.RELEASE\plugins\org.eclipse.m2e.maven.runtime_3.9.900.20240824-1409\jars\jansi-2.4.1.jar
2024-11-30 09:15:32,639 [Worker-14: Launching mavenrun-a1ab6d00-e8ab-428e-bbbf-a6c922fb0c0e] INFO  o.eclipse.m2e.core.internal.Bundles - 	Entry: C:\Users\Asus\Downloads\sts-4.26.0.RELEASE\plugins\org.eclipse.m2e.maven.runtime_3.9.900.20240824-1409\jars\jcl-over-slf4j-1.7.36.jar
2024-11-30 09:15:32,639 [Worker-14: Launching mavenrun-a1ab6d00-e8ab-428e-bbbf-a6c922fb0c0e] INFO  o.eclipse.m2e.core.internal.Bundles - 	Entry: C:\Users\Asus\Downloads\sts-4.26.0.RELEASE\plugins\org.eclipse.m2e.maven.runtime_3.9.900.20240824-1409\jars\maven-artifact-3.9.9.jar
2024-11-30 09:15:32,640 [Worker-14: Launching mavenrun-a1ab6d00-e8ab-428e-bbbf-a6c922fb0c0e] INFO  o.eclipse.m2e.core.internal.Bundles - 	Entry: C:\Users\Asus\Downloads\sts-4.26.0.RELEASE\plugins\org.eclipse.m2e.maven.runtime_3.9.900.20240824-1409\jars\maven-builder-support-3.9.9.jar
2024-11-30 09:15:32,641 [Worker-14: Launching mavenrun-a1ab6d00-e8ab-428e-bbbf-a6c922fb0c0e] INFO  o.eclipse.m2e.core.internal.Bundles - 	Entry: C:\Users\Asus\Downloads\sts-4.26.0.RELEASE\plugins\org.eclipse.m2e.maven.runtime_3.9.900.20240824-1409\jars\maven-compat-3.9.9.jar
2024-11-30 09:15:32,642 [Worker-14: Launching mavenrun-a1ab6d00-e8ab-428e-bbbf-a6c922fb0c0e] INFO  o.eclipse.m2e.core.internal.Bundles - 	Entry: C:\Users\Asus\Downloads\sts-4.26.0.RELEASE\plugins\org.eclipse.m2e.maven.runtime_3.9.900.20240824-1409\jars\maven-core-3.9.9.jar
2024-11-30 09:15:32,642 [Worker-14: Launching mavenrun-a1ab6d00-e8ab-428e-bbbf-a6c922fb0c0e] INFO  o.eclipse.m2e.core.internal.Bundles - 	Entry: C:\Users\Asus\Downloads\sts-4.26.0.RELEASE\plugins\org.eclipse.m2e.maven.runtime_3.9.900.20240824-1409\jars\maven-embedder-3.9.9.jar
2024-11-30 09:15:32,644 [Worker-14: Launching mavenrun-a1ab6d00-e8ab-428e-bbbf-a6c922fb0c0e] INFO  o.eclipse.m2e.core.internal.Bundles - 	Entry: C:\Users\Asus\Downloads\sts-4.26.0.RELEASE\plugins\org.eclipse.m2e.maven.runtime_3.9.900.20240824-1409\jars\maven-model-3.9.9.jar
2024-11-30 09:15:32,644 [Worker-14: Launching mavenrun-a1ab6d00-e8ab-428e-bbbf-a6c922fb0c0e] INFO  o.eclipse.m2e.core.internal.Bundles - 	Entry: C:\Users\Asus\Downloads\sts-4.26.0.RELEASE\plugins\org.eclipse.m2e.maven.runtime_3.9.900.20240824-1409\jars\maven-model-builder-3.9.9.jar
2024-11-30 09:15:32,645 [Worker-14: Launching mavenrun-a1ab6d00-e8ab-428e-bbbf-a6c922fb0c0e] INFO  o.eclipse.m2e.core.internal.Bundles - 	Entry: C:\Users\Asus\Downloads\sts-4.26.0.RELEASE\plugins\org.eclipse.m2e.maven.runtime_3.9.900.20240824-1409\jars\maven-plugin-api-3.9.9.jar
2024-11-30 09:15:32,647 [Worker-14: Launching mavenrun-a1ab6d00-e8ab-428e-bbbf-a6c922fb0c0e] INFO  o.eclipse.m2e.core.internal.Bundles - 	Entry: C:\Users\Asus\Downloads\sts-4.26.0.RELEASE\plugins\org.eclipse.m2e.maven.runtime_3.9.900.20240824-1409\jars\maven-repository-metadata-3.9.9.jar
2024-11-30 09:15:32,647 [Worker-14: Launching mavenrun-a1ab6d00-e8ab-428e-bbbf-a6c922fb0c0e] INFO  o.eclipse.m2e.core.internal.Bundles - 	Entry: C:\Users\Asus\Downloads\sts-4.26.0.RELEASE\plugins\org.eclipse.m2e.maven.runtime_3.9.900.20240824-1409\jars\maven-resolver-api-1.9.22.jar
2024-11-30 09:15:32,648 [Worker-14: Launching mavenrun-a1ab6d00-e8ab-428e-bbbf-a6c922fb0c0e] INFO  o.eclipse.m2e.core.internal.Bundles - 	Entry: C:\Users\Asus\Downloads\sts-4.26.0.RELEASE\plugins\org.eclipse.m2e.maven.runtime_3.9.900.20240824-1409\jars\maven-resolver-connector-basic-1.9.22.jar
2024-11-30 09:15:32,648 [Worker-14: Launching mavenrun-a1ab6d00-e8ab-428e-bbbf-a6c922fb0c0e] INFO  o.eclipse.m2e.core.internal.Bundles - 	Entry: C:\Users\Asus\Downloads\sts-4.26.0.RELEASE\plugins\org.eclipse.m2e.maven.runtime_3.9.900.20240824-1409\jars\maven-resolver-impl-1.9.22.jar
2024-11-30 09:15:32,649 [Worker-14: Launching mavenrun-a1ab6d00-e8ab-428e-bbbf-a6c922fb0c0e] INFO  o.eclipse.m2e.core.internal.Bundles - 	Entry: C:\Users\Asus\Downloads\sts-4.26.0.RELEASE\plugins\org.eclipse.m2e.maven.runtime_3.9.900.20240824-1409\jars\maven-resolver-named-locks-1.9.22.jar
2024-11-30 09:15:32,649 [Worker-14: Launching mavenrun-a1ab6d00-e8ab-428e-bbbf-a6c922fb0c0e] INFO  o.eclipse.m2e.core.internal.Bundles - 	Entry: C:\Users\Asus\Downloads\sts-4.26.0.RELEASE\plugins\org.eclipse.m2e.maven.runtime_3.9.900.20240824-1409\jars\maven-resolver-provider-3.9.9.jar
2024-11-30 09:15:32,649 [Worker-14: Launching mavenrun-a1ab6d00-e8ab-428e-bbbf-a6c922fb0c0e] INFO  o.eclipse.m2e.core.internal.Bundles - 	Entry: C:\Users\Asus\Downloads\sts-4.26.0.RELEASE\plugins\org.eclipse.m2e.maven.runtime_3.9.900.20240824-1409\jars\maven-resolver-spi-1.9.22.jar
2024-11-30 09:15:32,650 [Worker-14: Launching mavenrun-a1ab6d00-e8ab-428e-bbbf-a6c922fb0c0e] INFO  o.eclipse.m2e.core.internal.Bundles - 	Entry: C:\Users\Asus\Downloads\sts-4.26.0.RELEASE\plugins\org.eclipse.m2e.maven.runtime_3.9.900.20240824-1409\jars\maven-resolver-transport-file-1.9.22.jar
2024-11-30 09:15:32,650 [Worker-14: Launching mavenrun-a1ab6d00-e8ab-428e-bbbf-a6c922fb0c0e] INFO  o.eclipse.m2e.core.internal.Bundles - 	Entry: C:\Users\Asus\Downloads\sts-4.26.0.RELEASE\plugins\org.eclipse.m2e.maven.runtime_3.9.900.20240824-1409\jars\maven-resolver-transport-http-1.9.22.jar
2024-11-30 09:15:32,650 [Worker-14: Launching mavenrun-a1ab6d00-e8ab-428e-bbbf-a6c922fb0c0e] INFO  o.eclipse.m2e.core.internal.Bundles - 	Entry: C:\Users\Asus\Downloads\sts-4.26.0.RELEASE\plugins\org.eclipse.m2e.maven.runtime_3.9.900.20240824-1409\jars\maven-resolver-transport-wagon-1.9.22.jar
2024-11-30 09:15:32,651 [Worker-14: Launching mavenrun-a1ab6d00-e8ab-428e-bbbf-a6c922fb0c0e] INFO  o.eclipse.m2e.core.internal.Bundles - 	Entry: C:\Users\Asus\Downloads\sts-4.26.0.RELEASE\plugins\org.eclipse.m2e.maven.runtime_3.9.900.20240824-1409\jars\maven-resolver-util-1.9.22.jar
2024-11-30 09:15:32,651 [Worker-14: Launching mavenrun-a1ab6d00-e8ab-428e-bbbf-a6c922fb0c0e] INFO  o.eclipse.m2e.core.internal.Bundles - 	Entry: C:\Users\Asus\Downloads\sts-4.26.0.RELEASE\plugins\org.eclipse.m2e.maven.runtime_3.9.900.20240824-1409\jars\maven-settings-3.9.9.jar
2024-11-30 09:15:32,652 [Worker-14: Launching mavenrun-a1ab6d00-e8ab-428e-bbbf-a6c922fb0c0e] INFO  o.eclipse.m2e.core.internal.Bundles - 	Entry: C:\Users\Asus\Downloads\sts-4.26.0.RELEASE\plugins\org.eclipse.m2e.maven.runtime_3.9.900.20240824-1409\jars\maven-settings-builder-3.9.9.jar
2024-11-30 09:15:32,652 [Worker-14: Launching mavenrun-a1ab6d00-e8ab-428e-bbbf-a6c922fb0c0e] INFO  o.eclipse.m2e.core.internal.Bundles - 	Entry: C:\Users\Asus\Downloads\sts-4.26.0.RELEASE\plugins\org.eclipse.m2e.maven.runtime_3.9.900.20240824-1409\jars\maven-shared-utils-3.4.2.jar
2024-11-30 09:15:32,653 [Worker-14: Launching mavenrun-a1ab6d00-e8ab-428e-bbbf-a6c922fb0c0e] INFO  o.eclipse.m2e.core.internal.Bundles - 	Entry: C:\Users\Asus\Downloads\sts-4.26.0.RELEASE\plugins\org.eclipse.m2e.maven.runtime_3.9.900.20240824-1409\jars\org.eclipse.sisu.inject-0.9.0.M3.jar
2024-11-30 09:15:32,653 [Worker-14: Launching mavenrun-a1ab6d00-e8ab-428e-bbbf-a6c922fb0c0e] INFO  o.eclipse.m2e.core.internal.Bundles - 	Entry: C:\Users\Asus\Downloads\sts-4.26.0.RELEASE\plugins\org.eclipse.m2e.maven.runtime_3.9.900.20240824-1409\jars\org.eclipse.sisu.plexus-0.9.0.M3.jar
2024-11-30 09:15:32,654 [Worker-14: Launching mavenrun-a1ab6d00-e8ab-428e-bbbf-a6c922fb0c0e] INFO  o.eclipse.m2e.core.internal.Bundles - 	Entry: C:\Users\Asus\Downloads\sts-4.26.0.RELEASE\plugins\org.eclipse.m2e.maven.runtime_3.9.900.20240824-1409\jars\plexus-build-api-0.0.7.jar
2024-11-30 09:15:32,655 [Worker-14: Launching mavenrun-a1ab6d00-e8ab-428e-bbbf-a6c922fb0c0e] INFO  o.eclipse.m2e.core.internal.Bundles - 	Entry: C:\Users\Asus\Downloads\sts-4.26.0.RELEASE\plugins\org.eclipse.m2e.maven.runtime_3.9.900.20240824-1409\jars\plexus-build-api-1.2.0.jar
2024-11-30 09:15:32,655 [Worker-14: Launching mavenrun-a1ab6d00-e8ab-428e-bbbf-a6c922fb0c0e] INFO  o.eclipse.m2e.core.internal.Bundles - 	Entry: C:\Users\Asus\Downloads\sts-4.26.0.RELEASE\plugins\org.eclipse.m2e.maven.runtime_3.9.900.20240824-1409\jars\plexus-cipher-2.0.jar
2024-11-30 09:15:32,655 [Worker-14: Launching mavenrun-a1ab6d00-e8ab-428e-bbbf-a6c922fb0c0e] INFO  o.eclipse.m2e.core.internal.Bundles - 	Entry: C:\Users\Asus\Downloads\sts-4.26.0.RELEASE\plugins\org.eclipse.m2e.maven.runtime_3.9.900.20240824-1409\jars\plexus-classworlds-2.8.0.jar
2024-11-30 09:15:32,656 [Worker-14: Launching mavenrun-a1ab6d00-e8ab-428e-bbbf-a6c922fb0c0e] INFO  o.eclipse.m2e.core.internal.Bundles - 	Entry: C:\Users\Asus\Downloads\sts-4.26.0.RELEASE\plugins\org.eclipse.m2e.maven.runtime_3.9.900.20240824-1409\jars\plexus-component-annotations-2.1.0.jar
2024-11-30 09:15:32,657 [Worker-14: Launching mavenrun-a1ab6d00-e8ab-428e-bbbf-a6c922fb0c0e] INFO  o.eclipse.m2e.core.internal.Bundles - 	Entry: C:\Users\Asus\Downloads\sts-4.26.0.RELEASE\plugins\org.eclipse.m2e.maven.runtime_3.9.900.20240824-1409\jars\plexus-interpolation-1.27.jar
2024-11-30 09:15:32,658 [Worker-14: Launching mavenrun-a1ab6d00-e8ab-428e-bbbf-a6c922fb0c0e] INFO  o.eclipse.m2e.core.internal.Bundles - 	Entry: C:\Users\Asus\Downloads\sts-4.26.0.RELEASE\plugins\org.eclipse.m2e.maven.runtime_3.9.900.20240824-1409\jars\plexus-sec-dispatcher-2.0.jar
2024-11-30 09:15:32,659 [Worker-14: Launching mavenrun-a1ab6d00-e8ab-428e-bbbf-a6c922fb0c0e] INFO  o.eclipse.m2e.core.internal.Bundles - 	Entry: C:\Users\Asus\Downloads\sts-4.26.0.RELEASE\plugins\org.eclipse.m2e.maven.runtime_3.9.900.20240824-1409\jars\plexus-utils-3.5.1.jar
2024-11-30 09:15:32,660 [Worker-14: Launching mavenrun-a1ab6d00-e8ab-428e-bbbf-a6c922fb0c0e] INFO  o.eclipse.m2e.core.internal.Bundles - 	Entry: C:\Users\Asus\Downloads\sts-4.26.0.RELEASE\plugins\org.eclipse.m2e.maven.runtime_3.9.900.20240824-1409\jars\plexus-xml-3.0.1.jar
2024-11-30 09:15:32,660 [Worker-14: Launching mavenrun-a1ab6d00-e8ab-428e-bbbf-a6c922fb0c0e] INFO  o.eclipse.m2e.core.internal.Bundles - 	Entry: C:\Users\Asus\Downloads\sts-4.26.0.RELEASE\plugins\org.eclipse.m2e.maven.runtime_3.9.900.20240824-1409\jars\wagon-file-3.5.3.jar
2024-11-30 09:15:32,660 [Worker-14: Launching mavenrun-a1ab6d00-e8ab-428e-bbbf-a6c922fb0c0e] INFO  o.eclipse.m2e.core.internal.Bundles - 	Entry: C:\Users\Asus\Downloads\sts-4.26.0.RELEASE\plugins\org.eclipse.m2e.maven.runtime_3.9.900.20240824-1409\jars\wagon-http-3.5.3.jar
2024-11-30 09:15:32,661 [Worker-14: Launching mavenrun-a1ab6d00-e8ab-428e-bbbf-a6c922fb0c0e] INFO  o.eclipse.m2e.core.internal.Bundles - 	Entry: C:\Users\Asus\Downloads\sts-4.26.0.RELEASE\plugins\org.eclipse.m2e.maven.runtime_3.9.900.20240824-1409\jars\wagon-http-shared-3.5.3.jar
2024-11-30 09:15:32,662 [Worker-14: Launching mavenrun-a1ab6d00-e8ab-428e-bbbf-a6c922fb0c0e] INFO  o.eclipse.m2e.core.internal.Bundles - 	Entry: C:\Users\Asus\Downloads\sts-4.26.0.RELEASE\plugins\org.eclipse.m2e.maven.runtime_3.9.900.20240824-1409\jars\wagon-provider-api-3.5.3.jar
2024-11-30 09:15:32,665 [Worker-14: Launching mavenrun-a1ab6d00-e8ab-428e-bbbf-a6c922fb0c0e] INFO  o.eclipse.m2e.core.internal.Bundles - getClasspathEntries(Bundle=com.google.guava_33.3.0.jre [29])
2024-11-30 09:15:32,666 [Worker-14: Launching mavenrun-a1ab6d00-e8ab-428e-bbbf-a6c922fb0c0e] INFO  o.eclipse.m2e.core.internal.Bundles - 	Entry: C:\Users\Asus\Downloads\sts-4.26.0.RELEASE\plugins\com.google.guava_33.3.0.jre.jar
2024-11-30 09:15:32,666 [Worker-14: Launching mavenrun-a1ab6d00-e8ab-428e-bbbf-a6c922fb0c0e] INFO  o.eclipse.m2e.core.internal.Bundles - getClasspathEntries(Bundle=slf4j.api_2.0.16 [593])
2024-11-30 09:15:32,668 [Worker-14: Launching mavenrun-a1ab6d00-e8ab-428e-bbbf-a6c922fb0c0e] INFO  o.eclipse.m2e.core.internal.Bundles - 	Entry: C:\Users\Asus\Downloads\sts-4.26.0.RELEASE\plugins\slf4j.api_2.0.16.jar
2024-11-30 09:15:32,668 [Worker-14: Launching mavenrun-a1ab6d00-e8ab-428e-bbbf-a6c922fb0c0e] INFO  o.eclipse.m2e.core.internal.Bundles - getClasspathEntries(Bundle=jakarta.inject.jakarta.inject-api_1.0.5 [45])
2024-11-30 09:15:32,669 [Worker-14: Launching mavenrun-a1ab6d00-e8ab-428e-bbbf-a6c922fb0c0e] INFO  o.eclipse.m2e.core.internal.Bundles - 	Entry: C:\Users\Asus\Downloads\sts-4.26.0.RELEASE\plugins\jakarta.inject.jakarta.inject-api_1.0.5.jar
2024-11-30 09:15:32,669 [Worker-14: Launching mavenrun-a1ab6d00-e8ab-428e-bbbf-a6c922fb0c0e] INFO  o.eclipse.m2e.core.internal.Bundles - getClasspathEntries(Bundle=jakarta.annotation-api_1.3.5 [41])
2024-11-30 09:15:32,670 [Worker-14: Launching mavenrun-a1ab6d00-e8ab-428e-bbbf-a6c922fb0c0e] INFO  o.eclipse.m2e.core.internal.Bundles - 	Entry: C:\Users\Asus\Downloads\sts-4.26.0.RELEASE\plugins\jakarta.annotation-api_1.3.5.jar
2024-11-30 09:15:32,670 [Worker-14: Launching mavenrun-a1ab6d00-e8ab-428e-bbbf-a6c922fb0c0e] INFO  o.eclipse.m2e.core.internal.Bundles - getClasspathEntries(Bundle=org.apache.commons.cli_1.9.0 [77])
2024-11-30 09:15:32,671 [Worker-14: Launching mavenrun-a1ab6d00-e8ab-428e-bbbf-a6c922fb0c0e] INFO  o.eclipse.m2e.core.internal.Bundles - 	Entry: C:\Users\Asus\Downloads\sts-4.26.0.RELEASE\plugins\org.apache.commons.cli_1.9.0.jar
2024-11-30 09:15:32,671 [Worker-14: Launching mavenrun-a1ab6d00-e8ab-428e-bbbf-a6c922fb0c0e] INFO  o.eclipse.m2e.core.internal.Bundles - getClasspathEntries(Bundle=org.apache.commons.commons-codec_1.16.0 [80])
2024-11-30 09:15:32,673 [Worker-14: Launching mavenrun-a1ab6d00-e8ab-428e-bbbf-a6c922fb0c0e] INFO  o.eclipse.m2e.core.internal.Bundles - 	Entry: C:\Users\Asus\Downloads\sts-4.26.0.RELEASE\plugins\org.apache.commons.commons-codec_1.16.0.jar
2024-11-30 09:15:32,673 [Worker-14: Launching mavenrun-a1ab6d00-e8ab-428e-bbbf-a6c922fb0c0e] INFO  o.eclipse.m2e.core.internal.Bundles - getClasspathEntries(Bundle=com.google.guava.failureaccess_1.0.2 [30])
2024-11-30 09:15:32,675 [Worker-14: Launching mavenrun-a1ab6d00-e8ab-428e-bbbf-a6c922fb0c0e] INFO  o.eclipse.m2e.core.internal.Bundles - 	Entry: C:\Users\Asus\Downloads\sts-4.26.0.RELEASE\plugins\com.google.guava.failureaccess_1.0.2.jar
2024-11-30 09:15:32,679 [Worker-14: Launching mavenrun-a1ab6d00-e8ab-428e-bbbf-a6c922fb0c0e] INFO  o.e.m.i.launch.MavenLaunchDelegate - Run build in "C:\Users\Asus\AppData\Local\Temp\m2e-archetypeGenerator7301378638170610524":
2024-11-30 09:15:32,679 [Worker-14: Launching mavenrun-a1ab6d00-e8ab-428e-bbbf-a6c922fb0c0e] INFO  o.e.m.i.launch.MavenLaunchDelegate -  mvn  -DarchetypeGroupId=org.apache.maven.archetypes -DarchetypeArtifactId=maven-archetype-quickstart -DarchetypeVersion=1.1 -DgroupId=com.lork.learningSpring -DartifactId=SpringLearning -Dversion=0.0.1-SNAPSHOT -Dpackage=com.lork.learningSpring.SpringLearning -DoutputDirectory="C:\Users\Asus\OneDrive\Desktop\IT online courses\Java\Something researhed\Spring framework" -Dstyle.color=always -U archetype:generate
2024-11-30 09:16:01,595 [Worker-12: Creating maven-archetype-quickstart] INFO  o.e.m.c.i.p.ProjectConfigurationManager - Collecting project info '/pom.xml' C:\Users\Asus\OneDrive\Desktop\IT online courses\Java\Something researhed\Spring framework\SpringLearning\pom.xml
2024-11-30 09:16:06,022 [Worker-12: Creating maven-archetype-quickstart] INFO  o.e.m.c.i.l.LifecycleMappingFactory - Using org.eclipse.m2e.jdt.JarLifecycleMapping lifecycle mapping for MavenProject: com.lork.learningSpring:SpringLearning:0.0.1-SNAPSHOT @ C:\Users\Asus\OneDrive\Desktop\IT online courses\Java\Something researhed\Spring framework\SpringLearning\pom.xml.
2024-11-30 09:16:06,317 [Worker-12: Creating maven-archetype-quickstart] INFO  o.e.m.c.i.e.AbstractTransferListenerAdapter - Downloading https://repo.maven.apache.org/maven2/junit/junit/3.8.1/junit-3.8.1.pom
2024-11-30 09:16:06,375 [Worker-12: Creating maven-archetype-quickstart] INFO  o.e.m.c.i.e.AbstractTransferListenerAdapter - Downloaded https://repo.maven.apache.org/maven2/junit/junit/3.8.1/junit-3.8.1.pom
2024-11-30 09:16:06,619 [Worker-12: Creating maven-archetype-quickstart] INFO  o.e.m.c.i.e.AbstractTransferListenerAdapter - Downloading https://repo.maven.apache.org/maven2/junit/junit/3.8.1/junit-3.8.1.jar
2024-11-30 09:16:06,853 [Worker-12: Creating maven-archetype-quickstart] INFO  o.e.m.c.i.e.AbstractTransferListenerAdapter - Downloaded https://repo.maven.apache.org/maven2/junit/junit/3.8.1/junit-3.8.1.jar
2024-11-30 09:16:10,339 [Worker-12: Creating maven-archetype-quickstart] INFO  o.e.m.j.i.AbstractJavaProjectConfigurator - Adding source folder /SpringLearning/src/main/java
2024-11-30 09:16:10,344 [Worker-12: Creating maven-archetype-quickstart] INFO  o.e.m.j.i.AbstractJavaProjectConfigurator - Adding resource folder /SpringLearning/src/main/resources
2024-11-30 09:16:10,363 [Worker-12: Creating maven-archetype-quickstart] INFO  o.e.m.j.i.AbstractJavaProjectConfigurator - Adding source folder /SpringLearning/src/test/java
2024-11-30 09:16:10,367 [Worker-12: Creating maven-archetype-quickstart] INFO  o.e.m.j.i.AbstractJavaProjectConfigurator - Adding resource folder /SpringLearning/src/test/resources
2024-11-30 09:16:10,508 [Worker-3: Download sources and javadoc] INFO  o.e.m.c.i.e.AbstractTransferListenerAdapter - Downloading https://repo.maven.apache.org/maven2/junit/junit/3.8.1/junit-3.8.1-sources.jar
2024-11-30 09:16:10,625 [Worker-3: Download sources and javadoc] INFO  o.e.m.c.i.e.AbstractTransferListenerAdapter - Downloaded https://repo.maven.apache.org/maven2/junit/junit/3.8.1/junit-3.8.1-sources.jar
2024-11-30 09:16:10,634 [Worker-3: Download sources and javadoc] INFO  o.e.m.j.internal.DownloadSourcesJob - Downloaded sources for junit:junit:3.8.1
2024-11-30 09:16:10,814 [Worker-12: Creating maven-archetype-quickstart] INFO  o.e.m.c.i.p.ProjectConfigurationManager - Imported and configured 1 project(s) in 9 sec
2024-11-30 09:16:12,709 [Worker-7: Building] INFO  o.a.m.s.f.DefaultMavenResourcesFiltering - skip non existing resourceDirectory C:\Users\Asus\OneDrive\Desktop\IT online courses\Java\Something researhed\Spring framework\SpringLearning\src\main\resources
2024-11-30 09:16:12,718 [Worker-7: Building] INFO  o.a.m.s.f.DefaultMavenResourcesFiltering - skip non existing resourceDirectory C:\Users\Asus\OneDrive\Desktop\IT online courses\Java\Something researhed\Spring framework\SpringLearning\src\test\resources
2024-11-30 09:16:53,940 [Worker-15: Building] INFO  o.a.m.s.f.DefaultMavenResourcesFiltering - skip non existing resourceDirectory C:\Users\Asus\OneDrive\Desktop\IT online courses\Java\Something researhed\Spring framework\SpringLearning\src\main\resources
2024-11-30 09:16:53,951 [Worker-15: Building] INFO  o.a.m.s.f.DefaultMavenResourcesFiltering - skip non existing resourceDirectory C:\Users\Asus\OneDrive\Desktop\IT online courses\Java\Something researhed\Spring framework\SpringLearning\src\test\resources
2024-11-30 09:17:34,667 [Worker-7: Building] INFO  o.a.m.s.f.DefaultMavenResourcesFiltering - skip non existing resourceDirectory C:\Users\Asus\OneDrive\Desktop\IT online courses\Java\Something researhed\Spring framework\SpringLearning\src\main\resources
2024-11-30 09:17:34,672 [Worker-7: Building] INFO  o.a.m.s.f.DefaultMavenResourcesFiltering - skip non existing resourceDirectory C:\Users\Asus\OneDrive\Desktop\IT online courses\Java\Something researhed\Spring framework\SpringLearning\src\test\resources
